[debug] [2023-06-22T14:37:02.486Z] ----------------------------------------------------------------------
[debug] [2023-06-22T14:37:02.489Z] Command:       C:\Program Files\nodejs\node.exe C:\Users\HP\AppData\Roaming\npm\node_modules\firebase-tools\lib\bin\firebase.js init
[debug] [2023-06-22T14:37:02.490Z] CLI Version:   12.4.0
[debug] [2023-06-22T14:37:02.490Z] Platform:      win32
[debug] [2023-06-22T14:37:02.490Z] Node Version:  v16.13.1
[debug] [2023-06-22T14:37:02.491Z] Time:          Thu Jun 22 2023 17:37:02 GMT+0300 (Arabian Standard Time)
[debug] [2023-06-22T14:37:02.492Z] ----------------------------------------------------------------------
[debug] 
[debug] [2023-06-22T14:37:02.597Z] > command requires scopes: ["email","openid","https://www.googleapis.com/auth/cloudplatformprojects.readonly","https://www.googleapis.com/auth/firebase","https://www.googleapis.com/auth/cloud-platform"]
[debug] [2023-06-22T14:37:02.598Z] > authorizing via signed-in user (moheudmalic@gmail.com)
[info] 
     ######## #### ########  ######## ########     ###     ######  ########
     ##        ##  ##     ## ##       ##     ##  ##   ##  ##       ##
     ######    ##  ########  ######   ########  #########  ######  ######
     ##        ##  ##    ##  ##       ##     ## ##     ##       ## ##
     ##       #### ##     ## ######## ########  ##     ##  ######  ########

You're about to initialize a Firebase project in this directory:

  C:\Users\HP\Documents\vscode\twitter-clone

Before we get started, keep in mind:

  * You are initializing within an existing Firebase project directory

